<?xml version="1.0" encoding="UTF-8"?>
<!-- Generated by org.testng.reporters.JUnitReportReporter -->
<testsuite skipped="0" hostname="pkuma-5520" name="com.n26.tests.CreateAndVerifyProduct" tests="4" failures="0" timestamp="10 Nov 2018 04:14:42 GMT" time="0.186" errors="0">
  <testcase name="testCreateAndVerifyProduct" time="0.044" classname="com.n26.tests.CreateAndVerifyProduct"/>
  <testcase name="testCreateAndVerifyProduct" time="0.044" classname="com.n26.tests.CreateAndVerifyProduct"/>
  <testcase name="testCreateAndVerifyProduct" time="0.056" classname="com.n26.tests.CreateAndVerifyProduct"/>
  <testcase name="testCreateAndVerifyProduct" time="0.042" classname="com.n26.tests.CreateAndVerifyProduct"/>
</testsuite> <!-- com.n26.tests.CreateAndVerifyProduct -->
