<?xml version="1.0" encoding="UTF-8"?>
<!-- Generated by org.testng.reporters.JUnitReportReporter -->
<testsuite skipped="0" hostname="pkuma-5520" name="com.n26.tests.CreateAndGetProduct" tests="1" failures="0" timestamp="10 Nov 2018 04:14:42 GMT" time="0.068" errors="0">
  <testcase name="testCreateAndGetProduct" time="0.068" classname="com.n26.tests.CreateAndGetProduct"/>
</testsuite> <!-- com.n26.tests.CreateAndGetProduct -->
