<?xml version="1.0" encoding="UTF-8"?>
<!-- Generated by org.testng.reporters.JUnitReportReporter -->
<testsuite skipped="0" hostname="pkuma-5520" name="com.tests.CreateAndGetProduct" tests="2" failures="0" timestamp="09 Nov 2018 10:26:40 GMT" time="0.164" errors="0">
  <testcase name="testCreateAndGetProduct" time="0.076" classname="com.tests.CreateAndGetProduct"/>
  <testcase name="testCreateAndGetProduct" time="0.088" classname="com.tests.CreateAndGetProduct"/>
</testsuite> <!-- com.tests.CreateAndGetProduct -->
