<?xml version="1.0" encoding="UTF-8"?>
<!-- Generated by org.testng.reporters.JUnitReportReporter -->
<testsuite skipped="0" hostname="pkuma-5520" name="com.n26.tests.CreateAndDeleteProduct" tests="2" failures="0" timestamp="10 Nov 2018 04:14:42 GMT" time="2.228" errors="0">
  <testcase name="testCreateAndDeleteProduct" time="2.087" classname="com.n26.tests.CreateAndDeleteProduct"/>
  <testcase name="testCreateAndDeleteProduct" time="0.141" classname="com.n26.tests.CreateAndDeleteProduct"/>
</testsuite> <!-- com.n26.tests.CreateAndDeleteProduct -->
