<?xml version="1.0" encoding="UTF-8"?>
<!-- Generated by org.testng.reporters.JUnitReportReporter -->
<testsuite skipped="0" hostname="pkuma-5520" name="com.tests.CreateAndDeleteProduct" tests="1" failures="0" timestamp="09 Nov 2018 10:26:40 GMT" time="1.667" errors="0">
  <testcase name="testCreateAndDeleteProduct" time="1.667" classname="com.tests.CreateAndDeleteProduct"/>
</testsuite> <!-- com.tests.CreateAndDeleteProduct -->
