<?xml version="1.0" encoding="UTF-8"?>
<!-- Generated by org.testng.reporters.JUnitReportReporter -->
<testsuite skipped="0" hostname="pkuma-5520" name="com.n26.tests.CreatePatchAndVerifyProduct" tests="2" failures="0" timestamp="10 Nov 2018 04:14:42 GMT" time="0.148" errors="0">
  <testcase name="testCreatePatchAndVerifyProduct" time="0.076" classname="com.n26.tests.CreatePatchAndVerifyProduct"/>
  <testcase name="testCreatePatchAndVerifyProduct" time="0.072" classname="com.n26.tests.CreatePatchAndVerifyProduct"/>
</testsuite> <!-- com.n26.tests.CreatePatchAndVerifyProduct -->
