<?xml version="1.0" encoding="UTF-8"?>
<!-- Generated by org.testng.reporters.JUnitReportReporter -->
<testsuite skipped="0" hostname="pkuma-5520" name="com.tests.CreateAndVerifyProduct" tests="2" failures="0" timestamp="09 Nov 2018 10:26:40 GMT" time="0.096" errors="0">
  <testcase name="testCreateAndVerifyProduct" time="0.052" classname="com.tests.CreateAndVerifyProduct"/>
  <testcase name="testCreateAndVerifyProduct" time="0.044" classname="com.tests.CreateAndVerifyProduct"/>
</testsuite> <!-- com.tests.CreateAndVerifyProduct -->
